10:01:42->Exec SIGNUP_PROCEDURE  'ddww11', '1234', 21, '이름'
10:01:42->1:CommandText does not return a result set
10:02:45->Exec SIGNUP_PROCEDURE  'ddww11', '1234', 21, '이름'
10:02:45->1:PRIMARY KEY 제약 조건 'PK_People'을(를) 위반했습니다. 개체 'dbo.People'에 중복 키를 삽입할 수 없습니다. 중복 키 값은 (ddww11)입니다
10:03:19->Exec SIGNUP_PROCEDURE  'ddww11', '1234', 21, ''
10:03:19->1:PRIMARY KEY 제약 조건 'PK_People'을(를) 위반했습니다. 개체 'dbo.People'에 중복 키를 삽입할 수 없습니다. 중복 키 값은 (ddww11)입니다
10:03:24->Exec SIGNUP_PROCEDURE  '', '1234', 21, 'ㅇ'
10:03:24->1:CommandText does not return a result set
10:12:21->Exec SIGNUP_PROCEDURE  'ddww22', '1234', 12, ''
10:12:21->1:CommandText does not return a result set
10:13:20->Exec SIGNUP_PROCEDURE  'ddww11', '', 12, '1'
10:13:20->1:PRIMARY KEY 제약 조건 'PK_People'을(를) 위반했습니다. 개체 'dbo.People'에 중복 키를 삽입할 수 없습니다. 중복 키 값은 (ddww11)입니다
10:13:24->Exec SIGNUP_PROCEDURE  'ddww22', '', 12, '1'
10:13:24->1:PRIMARY KEY 제약 조건 'PK_People'을(를) 위반했습니다. 개체 'dbo.People'에 중복 키를 삽입할 수 없습니다. 중복 키 값은 (ddww22)입니다
10:13:31->Exec SIGNUP_PROCEDURE  'ddww33', '', 12, ''
10:13:31->1:CommandText does not return a result set
10:27:12->Exec SIGNUP_PROCEDURE  'ddww44', '1234', 100, 'd'
10:27:12->1:CommandText does not return a result set
10:29:29->Exec SIGNUP_PROCEDURE  'ddww11', '1234', 12, '1234'
10:29:29->1:PRIMARY KEY 제약 조건 'PK_People'을(를) 위반했습니다. 개체 'dbo.People'에 중복 키를 삽입할 수 없습니다. 중복 키 값은 (ddww11)입니다
10:29:33->Exec SIGNUP_PROCEDURE  'ddww55', '1234', 12, '1234'
10:29:33->1:varchar 값 'success'을(를) 데이터 형식 int(으)로 변환하지 못했습니다
10:31:12->Exec SIGNUP_PROCEDURE  'ddww11', '1234', 1234, '1234'
10:31:12->1:PRIMARY KEY 제약 조건 'PK_People'을(를) 위반했습니다. 개체 'dbo.People'에 중복 키를 삽입할 수 없습니다. 중복 키 값은 (ddww11)입니다
10:31:19->Exec SIGNUP_PROCEDURE  'ddww66', '1234', 1234, '1234'
10:31:19->1:CommandText does not return a result set
10:38:50->Exec SIGNUP_PROCEDURE  'ddww77', '1234', 12, '1234'
10:38:50->1:varchar 값 'success'을(를) 데이터 형식 int(으)로 변환하지 못했습니다
10:39:28->Exec SIGNUP_PROCEDURE  'ddww77', '1234', 12, '1234'
10:39:28->1:PRIMARY KEY 제약 조건 'PK_People'을(를) 위반했습니다. 개체 'dbo.People'에 중복 키를 삽입할 수 없습니다. 중복 키 값은 (ddww77)입니다
10:39:33->Exec SIGNUP_PROCEDURE  'ddww99', '1234', 12, '1234'
10:39:33->1:CommandText does not return a result set
10:46:37->Exec SIGNUP_PROCEDURE  'ddww00', '1234', 12, '1234'
10:49:28->Exec SIGNUP_PROCEDURE  'ddwd11', '1234', 1, '123'
